
**********************
*                    *
* Configuring REMIND *
*                    *
**********************

checking for gcc... gcc
checking whether the C compiler works... yes
checking for C compiler default output file name... a.out
checking for suffix of executables... 
checking whether we are cross compiling... no
checking for suffix of object files... o
checking whether we are using the GNU C compiler... yes
checking whether gcc accepts -g... yes
checking for gcc option to accept ISO C89... none needed
checking for a BSD-compatible install... /usr/bin/install -c
checking whether ln -s works... yes
checking whether make sets $(MAKE)... yes
checking for sqrt in -lm... yes
checking how to run the C preprocessor... gcc -E
checking for grep that handles long lines and -e... /usr/bin/grep
checking for egrep... /usr/bin/grep -E
checking for ANSI C header files... yes
checking for sys/types.h... yes
checking for sys/stat.h... yes
checking for stdlib.h... yes
checking for string.h... yes
checking for memory.h... yes
checking for strings.h... yes
checking for inttypes.h... yes
checking for stdint.h... yes
checking for unistd.h... yes
checking size of unsigned short... 2
checking size of unsigned int... 4
checking size of unsigned long... 8
checking sys/file.h usability... yes
checking sys/file.h presence... yes
checking for sys/file.h... yes
checking glob.h usability... yes
checking glob.h presence... yes
checking for glob.h... yes
checking wctype.h usability... yes
checking wctype.h presence... yes
checking for wctype.h... yes
checking locale.h usability... yes
checking locale.h presence... yes
checking for locale.h... yes
checking whether struct tm is in sys/time.h or time.h... time.h
checking for utime.h... yes
checking whether utime accepts a null argument... yes
checking whether time.h and sys/time.h may both be included... yes
checking for setenv... yes
checking for unsetenv... yes
checking for glob... yes
checking for mbstowcs... yes
checking for setlocale... yes
configure: creating ./config.status
config.status: creating src/Makefile
config.status: creating www/Makefile
config.status: creating src/version.h
config.status: creating src/config.h
config.status: src/config.h is unchanged
