
*******************
*                 *
* Building REMIND *
*                 *
*******************

make[1]: Entering directory '/home/walt/gtd/prs/d/Remind/src'
gcc -c  -g -O2 -Wall -Wstrict-prototypes -DHAVE_CONFIG_H   -I. -I. calendar.c
gcc -c  -g -O2 -Wall -Wstrict-prototypes -DHAVE_CONFIG_H   -I. -I. dynbuf.c
gcc -c  -g -O2 -Wall -Wstrict-prototypes -DHAVE_CONFIG_H   -I. -I. dorem.c
gcc -c  -g -O2 -Wall -Wstrict-prototypes -DHAVE_CONFIG_H   -I. -I. dosubst.c
gcc -c  -g -O2 -Wall -Wstrict-prototypes -DHAVE_CONFIG_H   -I. -I. expr.c
gcc -c  -g -O2 -Wall -Wstrict-prototypes -DHAVE_CONFIG_H   -I. -I. files.c
gcc -c  -g -O2 -Wall -Wstrict-prototypes -DHAVE_CONFIG_H   -I. -I. funcs.c
gcc -c  -g -O2 -Wall -Wstrict-prototypes -DHAVE_CONFIG_H   -I. -I. globals.c
gcc -c  -g -O2 -Wall -Wstrict-prototypes -DHAVE_CONFIG_H   -I. -I. hbcal.c
gcc -c  -g -O2 -Wall -Wstrict-prototypes -DHAVE_CONFIG_H   -I. -I. init.c
gcc -c  -g -O2 -Wall -Wstrict-prototypes -DHAVE_CONFIG_H   -I. -I. main.c
gcc -c  -g -O2 -Wall -Wstrict-prototypes -DHAVE_CONFIG_H   -I. -I. md5.c
gcc -c  -g -O2 -Wall -Wstrict-prototypes -DHAVE_CONFIG_H   -I. -I. moon.c
gcc -c  -g -O2 -Wall -Wstrict-prototypes -DHAVE_CONFIG_H   -I. -I. omit.c
gcc -c  -g -O2 -Wall -Wstrict-prototypes -DHAVE_CONFIG_H   -I. -I. queue.c
gcc -c  -g -O2 -Wall -Wstrict-prototypes -DHAVE_CONFIG_H   -I. -I. sort.c
gcc -c  -g -O2 -Wall -Wstrict-prototypes -DHAVE_CONFIG_H   -I. -I. token.c
gcc -c  -g -O2 -Wall -Wstrict-prototypes -DHAVE_CONFIG_H   -I. -I. trigger.c
gcc -c  -g -O2 -Wall -Wstrict-prototypes -DHAVE_CONFIG_H   -I. -I. userfns.c
gcc -c  -g -O2 -Wall -Wstrict-prototypes -DHAVE_CONFIG_H   -I. -I. utils.c
gcc -c  -g -O2 -Wall -Wstrict-prototypes -DHAVE_CONFIG_H   -I. -I. var.c
gcc   -o remind calendar.o dynbuf.o dorem.o dosubst.o expr.o files.o funcs.o globals.o hbcal.o init.o main.o md5.o moon.o omit.o queue.o sort.o token.o trigger.o userfns.o utils.o var.o -lm 
gcc -c  -g -O2 -Wall -Wstrict-prototypes -DHAVE_CONFIG_H   -I. -I. rem2ps.c
gcc   -o rem2ps rem2ps.o dynbuf.o
make[1]: Leaving directory '/home/walt/gtd/prs/d/Remind/src'
